mode: set
github.com/Meyi96/backpack-bcgow6-fabio-mejia/Go-testing/Clase3.1/internal/users/repository.go:24.47,26.2 1 1
github.com/Meyi96/backpack-bcgow6-fabio-mejia/Go-testing/Clase3.1/internal/users/repository.go:28.54,31.16 3 1
github.com/Meyi96/backpack-bcgow6-fabio-mejia/Go-testing/Clase3.1/internal/users/repository.go:34.2,34.19 1 1
github.com/Meyi96/backpack-bcgow6-fabio-mejia/Go-testing/Clase3.1/internal/users/repository.go:31.16,33.3 1 1
github.com/Meyi96/backpack-bcgow6-fabio-mejia/Go-testing/Clase3.1/internal/users/repository.go:37.159,49.42 3 1
github.com/Meyi96/backpack-bcgow6-fabio-mejia/Go-testing/Clase3.1/internal/users/repository.go:52.2,53.42 2 1
github.com/Meyi96/backpack-bcgow6-fabio-mejia/Go-testing/Clase3.1/internal/users/repository.go:56.2,56.21 1 1
github.com/Meyi96/backpack-bcgow6-fabio-mejia/Go-testing/Clase3.1/internal/users/repository.go:49.42,51.3 1 1
github.com/Meyi96/backpack-bcgow6-fabio-mejia/Go-testing/Clase3.1/internal/users/repository.go:53.42,55.3 1 1
github.com/Meyi96/backpack-bcgow6-fabio-mejia/Go-testing/Clase3.1/internal/users/repository.go:59.44,61.42 2 1
github.com/Meyi96/backpack-bcgow6-fabio-mejia/Go-testing/Clase3.1/internal/users/repository.go:64.2,64.21 1 1
github.com/Meyi96/backpack-bcgow6-fabio-mejia/Go-testing/Clase3.1/internal/users/repository.go:67.2,67.36 1 1
github.com/Meyi96/backpack-bcgow6-fabio-mejia/Go-testing/Clase3.1/internal/users/repository.go:61.42,63.3 1 1
github.com/Meyi96/backpack-bcgow6-fabio-mejia/Go-testing/Clase3.1/internal/users/repository.go:64.21,66.3 1 1
github.com/Meyi96/backpack-bcgow6-fabio-mejia/Go-testing/Clase3.1/internal/users/repository.go:70.136,81.42 3 1
github.com/Meyi96/backpack-bcgow6-fabio-mejia/Go-testing/Clase3.1/internal/users/repository.go:84.2,85.23 2 1
github.com/Meyi96/backpack-bcgow6-fabio-mejia/Go-testing/Clase3.1/internal/users/repository.go:93.2,93.14 1 1
github.com/Meyi96/backpack-bcgow6-fabio-mejia/Go-testing/Clase3.1/internal/users/repository.go:96.2,96.42 1 1
github.com/Meyi96/backpack-bcgow6-fabio-mejia/Go-testing/Clase3.1/internal/users/repository.go:99.2,99.18 1 1
github.com/Meyi96/backpack-bcgow6-fabio-mejia/Go-testing/Clase3.1/internal/users/repository.go:81.42,83.3 1 1
github.com/Meyi96/backpack-bcgow6-fabio-mejia/Go-testing/Clase3.1/internal/users/repository.go:85.23,86.24 1 1
github.com/Meyi96/backpack-bcgow6-fabio-mejia/Go-testing/Clase3.1/internal/users/repository.go:86.24,90.9 4 1
github.com/Meyi96/backpack-bcgow6-fabio-mejia/Go-testing/Clase3.1/internal/users/repository.go:93.14,95.3 1 1
github.com/Meyi96/backpack-bcgow6-fabio-mejia/Go-testing/Clase3.1/internal/users/repository.go:96.42,98.3 1 1
github.com/Meyi96/backpack-bcgow6-fabio-mejia/Go-testing/Clase3.1/internal/users/repository.go:102.98,106.42 4 1
github.com/Meyi96/backpack-bcgow6-fabio-mejia/Go-testing/Clase3.1/internal/users/repository.go:109.2,109.23 1 1
github.com/Meyi96/backpack-bcgow6-fabio-mejia/Go-testing/Clase3.1/internal/users/repository.go:118.2,118.14 1 1
github.com/Meyi96/backpack-bcgow6-fabio-mejia/Go-testing/Clase3.1/internal/users/repository.go:121.2,121.42 1 1
github.com/Meyi96/backpack-bcgow6-fabio-mejia/Go-testing/Clase3.1/internal/users/repository.go:124.2,124.26 1 1
github.com/Meyi96/backpack-bcgow6-fabio-mejia/Go-testing/Clase3.1/internal/users/repository.go:106.42,108.3 1 1
github.com/Meyi96/backpack-bcgow6-fabio-mejia/Go-testing/Clase3.1/internal/users/repository.go:109.23,110.24 1 1
github.com/Meyi96/backpack-bcgow6-fabio-mejia/Go-testing/Clase3.1/internal/users/repository.go:110.24,115.9 5 1
github.com/Meyi96/backpack-bcgow6-fabio-mejia/Go-testing/Clase3.1/internal/users/repository.go:118.14,120.3 1 1
github.com/Meyi96/backpack-bcgow6-fabio-mejia/Go-testing/Clase3.1/internal/users/repository.go:121.42,123.3 1 1
github.com/Meyi96/backpack-bcgow6-fabio-mejia/Go-testing/Clase3.1/internal/users/repository.go:127.43,129.42 2 1
github.com/Meyi96/backpack-bcgow6-fabio-mejia/Go-testing/Clase3.1/internal/users/repository.go:132.2,134.23 3 1
github.com/Meyi96/backpack-bcgow6-fabio-mejia/Go-testing/Clase3.1/internal/users/repository.go:141.2,141.12 1 1
github.com/Meyi96/backpack-bcgow6-fabio-mejia/Go-testing/Clase3.1/internal/users/repository.go:144.2,145.42 2 1
github.com/Meyi96/backpack-bcgow6-fabio-mejia/Go-testing/Clase3.1/internal/users/repository.go:148.2,148.12 1 1
github.com/Meyi96/backpack-bcgow6-fabio-mejia/Go-testing/Clase3.1/internal/users/repository.go:129.42,131.3 1 1
github.com/Meyi96/backpack-bcgow6-fabio-mejia/Go-testing/Clase3.1/internal/users/repository.go:134.23,135.24 1 1
github.com/Meyi96/backpack-bcgow6-fabio-mejia/Go-testing/Clase3.1/internal/users/repository.go:135.24,138.9 3 1
github.com/Meyi96/backpack-bcgow6-fabio-mejia/Go-testing/Clase3.1/internal/users/repository.go:141.12,143.3 1 1
github.com/Meyi96/backpack-bcgow6-fabio-mejia/Go-testing/Clase3.1/internal/users/repository.go:145.42,147.3 1 1
github.com/Meyi96/backpack-bcgow6-fabio-mejia/Go-testing/Clase3.1/internal/users/service.go:22.39,24.2 1 1
github.com/Meyi96/backpack-bcgow6-fabio-mejia/Go-testing/Clase3.1/internal/users/service.go:26.51,28.16 2 1
github.com/Meyi96/backpack-bcgow6-fabio-mejia/Go-testing/Clase3.1/internal/users/service.go:31.2,31.19 1 1
github.com/Meyi96/backpack-bcgow6-fabio-mejia/Go-testing/Clase3.1/internal/users/service.go:28.16,30.3 1 1
github.com/Meyi96/backpack-bcgow6-fabio-mejia/Go-testing/Clase3.1/internal/users/service.go:34.120,36.16 2 1
github.com/Meyi96/backpack-bcgow6-fabio-mejia/Go-testing/Clase3.1/internal/users/service.go:40.2,43.16 4 1
github.com/Meyi96/backpack-bcgow6-fabio-mejia/Go-testing/Clase3.1/internal/users/service.go:47.2,47.18 1 1
github.com/Meyi96/backpack-bcgow6-fabio-mejia/Go-testing/Clase3.1/internal/users/service.go:36.16,39.3 2 1
github.com/Meyi96/backpack-bcgow6-fabio-mejia/Go-testing/Clase3.1/internal/users/service.go:43.16,46.3 2 1
github.com/Meyi96/backpack-bcgow6-fabio-mejia/Go-testing/Clase3.1/internal/users/service.go:50.133,52.2 1 1
github.com/Meyi96/backpack-bcgow6-fabio-mejia/Go-testing/Clase3.1/internal/users/service.go:53.95,55.2 1 1
github.com/Meyi96/backpack-bcgow6-fabio-mejia/Go-testing/Clase3.1/internal/users/service.go:56.40,58.2 1 1
